<?xml version="1.0" encoding="UTF-8"?>
<!-- Generated by org.testng.reporters.JUnitReportReporter -->
<testsuite hostname="DESKTOP-40QN50F" name="dd_main.MainTest" tests="1" failures="0" timestamp="27 Jun 2020 06:39:55 GMT" time="23.572" errors="0">
  <testcase name="signUp" time="23.572" classname="dd_main.MainTest"/>
</testsuite> <!-- dd_main.MainTest -->
